16/10/2020 12:36:36 [desafio1] info: API started! DEV
16/10/2020 12:39:16 [desafio1] info: API started! DEV
16/10/2020 12:39:26 [desafio1] info: API started! DEV
16/10/2020 12:39:34 [desafio1] info: API started! DEV
16/10/2020 12:39:36 [desafio1] info: API started! DEV
16/10/2020 12:39:39 [desafio1] info: API started! DEV
16/10/2020 12:39:51 [desafio1] info: API started! DEV
16/10/2020 12:39:53 [desafio1] info: API started! DEV
16/10/2020 12:39:59 [desafio1] info: API started! DEV
16/10/2020 12:40:12 [desafio1] info: API started! DEV
16/10/2020 12:40:17 [desafio1] info: API started! DEV
16/10/2020 12:40:25 [desafio1] info: API started! DEV
16/10/2020 12:40:29 [desafio1] info: API started! DEV
16/10/2020 12:40:46 [desafio1] info: API started! DEV
16/10/2020 12:40:48 [desafio1] info: API started! DEV
16/10/2020 12:42:07 [desafio1] info: API started! DEV
16/10/2020 12:42:07 [desafio1] info: GET / grade
16/10/2020 12:42:07 [desafio1] info: POST /grade - {"id":1,"student":"Loiane Groner","subject":"02 - Node","type":"Fórum","value":15,"timestamp":"16/10/2020 12:42:06"}
16/10/2020 12:42:07 [desafio1] info: GET /grade/:id - {"id":1,"student":"Loiane Groner","subject":"02 - Node","type":"Fórum","value":15,"timestamp":"16/10/2020 12:42:06"}
16/10/2020 14:11:59 [desafio1] info: API started! DEV
16/10/2020 14:13:19 [desafio1] info: API started! DEV
16/10/2020 14:13:29 [desafio1] info: API started! DEV
16/10/2020 14:13:47 [desafio1] info: API started! DEV
16/10/2020 14:13:52 [desafio1] info: API started! DEV
16/10/2020 14:14:01 [desafio1] info: API started! DEV
16/10/2020 14:14:17 [desafio1] info: API started! DEV
16/10/2020 14:14:23 [desafio1] info: API started! DEV
16/10/2020 14:14:31 [desafio1] info: API started! DEV
16/10/2020 14:14:34 [desafio1] info: API started! DEV
16/10/2020 14:14:43 [desafio1] info: API started! DEV
16/10/2020 14:15:02 [desafio1] info: API started! DEV
16/10/2020 14:15:10 [desafio1] info: API started! DEV
16/10/2020 14:15:12 [desafio1] info: API started! DEV
16/10/2020 14:15:14 [desafio1] info: API started! DEV
16/10/2020 14:15:17 [desafio1] info: API started! DEV
16/10/2020 14:15:19 [desafio1] info: API started! DEV
16/10/2020 14:15:24 [desafio1] info: API started! DEV
16/10/2020 14:15:24 [desafio1] info: GET / grade
16/10/2020 14:15:24 [desafio1] info: GET / grade
16/10/2020 14:15:24 [desafio1] info: GET / grade
16/10/2020 14:15:24 [desafio1] info: GET / grade
16/10/2020 14:15:24 [desafio1] info: GET / grade
16/10/2020 14:15:24 [desafio1] info: GET / grade
16/10/2020 14:15:24 [desafio1] info: GET / grade
16/10/2020 14:15:24 [desafio1] info: GET / grade
16/10/2020 14:15:24 [desafio1] info: GET / grade
16/10/2020 14:15:24 [desafio1] info: GET / grade
16/10/2020 14:15:24 [desafio1] info: GET / grade
16/10/2020 14:23:31 [desafio1] info: API started! DEV
16/10/2020 14:23:49 [desafio1] info: API started! DEV
16/10/2020 14:23:59 [desafio1] info: API started! DEV
16/10/2020 14:24:02 [desafio1] info: API started! DEV
16/10/2020 14:24:22 [desafio1] info: API started! DEV
16/10/2020 14:24:45 [desafio1] info: API started! DEV
16/10/2020 14:25:04 [desafio1] info: API started! DEV
16/10/2020 14:25:12 [desafio1] info: API started! DEV
16/10/2020 14:25:16 [desafio1] info: API started! DEV
16/10/2020 14:25:28 [desafio1] info: API started! DEV
16/10/2020 14:25:31 [desafio1] info: API started! DEV
16/10/2020 14:25:41 [desafio1] info: API started! DEV
16/10/2020 14:25:44 [desafio1] info: API started! DEV
16/10/2020 14:25:46 [desafio1] info: API started! DEV
16/10/2020 14:26:15 [desafio1] info: API started! DEV
16/10/2020 14:26:20 [desafio1] info: API started! DEV
16/10/2020 14:26:35 [desafio1] info: API started! DEV
16/10/2020 14:26:37 [desafio1] info: API started! DEV
16/10/2020 14:26:43 [desafio1] info: API started! DEV
16/10/2020 14:28:28 [desafio1] info: API started! DEV
16/10/2020 14:28:39 [desafio1] info: API started! DEV
16/10/2020 14:28:45 [desafio1] info: API started! DEV
16/10/2020 14:29:31 [desafio1] info: API started! DEV
16/10/2020 14:29:46 [desafio1] info: API started! DEV
16/10/2020 14:29:50 [desafio1] info: API started! DEV
16/10/2020 14:29:52 [desafio1] info: API started! DEV
16/10/2020 14:29:53 [desafio1] info: API started! DEV
16/10/2020 14:29:54 [desafio1] info: API started! DEV
16/10/2020 14:30:18 [desafio1] info: API started! DEV
16/10/2020 14:30:21 [desafio1] info: API started! DEV
16/10/2020 14:30:23 [desafio1] info: API started! DEV
16/10/2020 14:30:26 [desafio1] info: API started! DEV
16/10/2020 14:30:28 [desafio1] info: API started! DEV
16/10/2020 14:30:32 [desafio1] info: API started! DEV
16/10/2020 14:30:33 [desafio1] info: API started! DEV
16/10/2020 14:30:55 [desafio1] info: API started! DEV
16/10/2020 14:30:57 [desafio1] info: API started! DEV
16/10/2020 14:31:03 [desafio1] info: API started! DEV
16/10/2020 14:31:06 [desafio1] info: API started! DEV
16/10/2020 14:31:44 [desafio1] info: API started! DEV
16/10/2020 14:31:46 [desafio1] info: API started! DEV
16/10/2020 14:31:49 [desafio1] info: API started! DEV
16/10/2020 14:31:59 [desafio1] info: API started! DEV
16/10/2020 14:32:04 [desafio1] info: API started! DEV
16/10/2020 14:32:10 [desafio1] info: API started! DEV
16/10/2020 14:32:13 [desafio1] info: API started! DEV
16/10/2020 14:32:14 [desafio1] info: API started! DEV
16/10/2020 14:32:15 [desafio1] info: API started! DEV
16/10/2020 14:32:20 [desafio1] info: API started! DEV
16/10/2020 14:32:22 [desafio1] info: API started! DEV
16/10/2020 14:32:25 [desafio1] info: API started! DEV
16/10/2020 14:32:35 [desafio1] info: API started! DEV
16/10/2020 14:32:55 [desafio1] info: API started! DEV
16/10/2020 14:32:59 [desafio1] info: API started! DEV
16/10/2020 14:32:59 [desafio1] info: GET /grade/:id - {"id":1,"student":"Loiane Groner","subject":"02 - Node","type":"Fórum","value":15,"timestamp":"16/10/2020 12:42:06"}
16/10/2020 14:37:16 [desafio1] info: API started! DEV
16/10/2020 14:37:22 [desafio1] info: API started! DEV
16/10/2020 14:37:25 [desafio1] info: API started! DEV
16/10/2020 14:37:26 [desafio1] info: API started! DEV
16/10/2020 14:37:38 [desafio1] info: API started! DEV
16/10/2020 14:37:39 [desafio1] info: API started! DEV
16/10/2020 14:37:42 [desafio1] info: API started! DEV
16/10/2020 14:37:45 [desafio1] info: API started! DEV
16/10/2020 14:37:51 [desafio1] info: API started! DEV
16/10/2020 14:37:58 [desafio1] info: API started! DEV
16/10/2020 14:38:09 [desafio1] info: API started! DEV
16/10/2020 14:38:23 [desafio1] info: API started! DEV
16/10/2020 14:38:26 [desafio1] info: API started! DEV
16/10/2020 14:38:27 [desafio1] info: API started! DEV
16/10/2020 14:38:29 [desafio1] info: API started! DEV
16/10/2020 14:38:33 [desafio1] info: API started! DEV
16/10/2020 14:38:36 [desafio1] info: API started! DEV
16/10/2020 14:39:08 [desafio1] info: API started! DEV
16/10/2020 14:39:08 [desafio1] info: GET /grade/:id - {"id":2,"student":"Loiane Groner","subject":"02 - Node","type":"Fórum","value":5,"timestamp":"2020-05-19T18:21:24.964Z"}
16/10/2020 14:40:59 [desafio1] info: API started! DEV
16/10/2020 14:47:43 [desafio1] info: API started! DEV
16/10/2020 14:47:54 [desafio1] info: API started! DEV
16/10/2020 14:48:03 [desafio1] info: API started! DEV
16/10/2020 14:48:22 [desafio1] info: API started! DEV
16/10/2020 14:48:23 [desafio1] info: API started! DEV
16/10/2020 14:51:16 [desafio1] info: API started! DEV
16/10/2020 14:51:18 [desafio1] info: API started! DEV
16/10/2020 14:51:35 [desafio1] info: API started! DEV
16/10/2020 14:51:38 [desafio1] info: API started! DEV
16/10/2020 14:51:41 [desafio1] info: API started! DEV
16/10/2020 14:51:55 [desafio1] info: API started! DEV
16/10/2020 14:52:01 [desafio1] info: API started! DEV
16/10/2020 14:52:04 [desafio1] info: API started! DEV
16/10/2020 14:52:06 [desafio1] info: API started! DEV
16/10/2020 14:52:19 [desafio1] info: API started! DEV
16/10/2020 14:52:29 [desafio1] info: API started! DEV
16/10/2020 14:53:06 [desafio1] info: API started! DEV
16/10/2020 14:55:44 [desafio1] info: API started! DEV
16/10/2020 14:56:02 [desafio1] info: API started! DEV
16/10/2020 14:56:14 [desafio1] info: API started! DEV
16/10/2020 14:56:27 [desafio1] info: API started! DEV
16/10/2020 14:56:30 [desafio1] info: API started! DEV
16/10/2020 14:57:22 [desafio1] info: API started! DEV
16/10/2020 14:57:38 [desafio1] info: API started! DEV
16/10/2020 14:57:45 [desafio1] info: API started! DEV
16/10/2020 14:57:55 [desafio1] info: API started! DEV
16/10/2020 14:58:05 [desafio1] info: API started! DEV
16/10/2020 14:58:48 [desafio1] info: API started! DEV
16/10/2020 14:58:59 [desafio1] info: API started! DEV
16/10/2020 14:59:22 [desafio1] info: API started! DEV
16/10/2020 15:01:38 [desafio1] info: API started! DEV
16/10/2020 15:02:04 [desafio1] info: API started! DEV
16/10/2020 15:02:06 [desafio1] info: API started! DEV
16/10/2020 15:02:15 [desafio1] info: API started! DEV
16/10/2020 15:02:24 [desafio1] info: API started! DEV
16/10/2020 15:02:41 [desafio1] info: API started! DEV
16/10/2020 15:02:44 [desafio1] info: API started! DEV
16/10/2020 15:02:46 [desafio1] info: API started! DEV
16/10/2020 15:02:46 [desafio1] info: GET / grade
16/10/2020 15:11:27 [desafio1] info: API started! DEV
16/10/2020 15:12:11 [desafio1] info: API started! DEV
16/10/2020 15:13:00 [desafio1] info: API started! DEV
16/10/2020 15:24:50 [desafio1] info: API started! DEV
16/10/2020 15:25:06 [desafio1] info: API started! DEV
16/10/2020 15:25:09 [desafio1] info: API started! DEV
16/10/2020 15:25:09 [desafio1] info: GET /grade/ - {"id":null,"student":"Loiane Groner 01","subject":"02 - Node","timestamp":"16/10/2020 12:20:30"}
16/10/2020 15:25:09 [desafio1] info: GET /grade/ - {"id":null,"student":"Loiane Groner 01","subject":"02 - Node","timestamp":"16/10/2020 12:20:30"}
16/10/2020 15:25:09 [desafio1] info: GET / grade
16/10/2020 15:27:03 [desafio1] info: API started! DEV
16/10/2020 15:27:05 [desafio1] info: API started! DEV
16/10/2020 15:27:12 [desafio1] info: API started! DEV
16/10/2020 15:27:59 [desafio1] info: API started! DEV
16/10/2020 15:27:59 [desafio1] info: GET /grade/ - {"id":null,"student":"Loiane Groner 01","subject":"02 - Node","timestamp":"16/10/2020 12:20:30"}
16/10/2020 15:28:25 [desafio1] info: API started! DEV
16/10/2020 15:28:25 [desafio1] info: GET /grade/:id - {"id":1,"student":"Loiane Groner","subject":"02 - Node","type":"Fórum","value":15,"timestamp":"16/10/2020 12:42:06"}
16/10/2020 15:28:25 [desafio1] info: GET / grade
16/10/2020 15:51:34 [desafio1] error: writeFile is not defined
16/10/2020 15:51:34 [desafio1] info: API started!
16/10/2020 16:04:24 [desafio1] info: API started! DEV
16/10/2020 16:04:24 [desafio1] info: GET / grade
16/10/2020 16:04:24 [desafio1] info: GET/average/subject - "Média: 10.333333333333334"
16/10/2020 16:09:30 [desafio1] info: API started! DEV
16/10/2020 16:11:35 [desafio1] info: API started! DEV
16/10/2020 16:11:37 [desafio1] info: API started! DEV
16/10/2020 16:11:40 [desafio1] info: API started! DEV
16/10/2020 16:11:42 [desafio1] info: API started! DEV
16/10/2020 16:11:44 [desafio1] info: API started! DEV
16/10/2020 16:11:45 [desafio1] info: API started! DEV
16/10/2020 16:11:49 [desafio1] info: API started! DEV
16/10/2020 16:11:51 [desafio1] info: API started! DEV
16/10/2020 16:11:53 [desafio1] info: API started! DEV
16/10/2020 16:12:07 [desafio1] info: API started! DEV
16/10/2020 16:12:11 [desafio1] info: API started! DEV
16/10/2020 16:12:14 [desafio1] info: API started! DEV
16/10/2020 16:12:21 [desafio1] info: API started! DEV
16/10/2020 16:12:25 [desafio1] info: API started! DEV
16/10/2020 16:12:30 [desafio1] info: API started! DEV
16/10/2020 16:12:33 [desafio1] info: API started! DEV
16/10/2020 16:12:35 [desafio1] info: API started! DEV
16/10/2020 16:12:54 [desafio1] info: API started! DEV
16/10/2020 16:13:12 [desafio1] info: API started! DEV
16/10/2020 16:13:43 [desafio1] info: API started! DEV
16/10/2020 16:15:11 [desafio1] info: API started! DEV
16/10/2020 16:15:38 [desafio1] info: API started! DEV
16/10/2020 16:15:39 [desafio1] info: API started! DEV
16/10/2020 16:15:41 [desafio1] info: API started! DEV
16/10/2020 16:15:42 [desafio1] info: API started! DEV
16/10/2020 16:15:42 [desafio1] info: GET/average/subject - "Média: 10.333333333333334"
16/10/2020 16:16:32 [desafio1] info: API started! DEV
16/10/2020 16:16:49 [desafio1] info: API started! DEV
16/10/2020 16:17:00 [desafio1] info: API started! DEV
16/10/2020 16:17:00 [desafio1] info: GET/average/subject - "10.333333333333334"
16/10/2020 16:17:17 [desafio1] info: API started! DEV
16/10/2020 16:17:25 [desafio1] info: API started! DEV
16/10/2020 16:17:26 [desafio1] info: API started! DEV
16/10/2020 16:17:26 [desafio1] info: GET/average/subject - "10,333"
16/10/2020 16:17:57 [desafio1] info: API started! DEV
16/10/2020 16:17:57 [desafio1] info: GET/average/subject - "10.333333333333334"
16/10/2020 16:18:08 [desafio1] info: API started! DEV
16/10/2020 16:19:19 [desafio1] info: API started! DEV
16/10/2020 16:19:21 [desafio1] info: API started! DEV
16/10/2020 16:19:23 [desafio1] info: API started! DEV
16/10/2020 16:19:50 [desafio1] info: API started! DEV
16/10/2020 16:19:50 [desafio1] info: GET/average/subject - "10,333"
16/10/2020 16:20:02 [desafio1] info: API started! DEV
16/10/2020 16:20:14 [desafio1] info: API started! DEV
16/10/2020 16:20:30 [desafio1] info: API started! DEV
16/10/2020 16:20:35 [desafio1] info: API started! DEV
16/10/2020 16:21:17 [desafio1] info: API started! DEV
16/10/2020 16:21:30 [desafio1] info: API started! DEV
16/10/2020 16:21:32 [desafio1] info: API started! DEV
16/10/2020 16:21:34 [desafio1] info: API started! DEV
16/10/2020 16:21:35 [desafio1] info: API started! DEV
16/10/2020 16:21:39 [desafio1] info: API started! DEV
16/10/2020 16:21:59 [desafio1] info: API started! DEV
16/10/2020 16:23:53 [desafio1] info: API started! DEV
16/10/2020 16:23:55 [desafio1] info: API started! DEV
16/10/2020 16:23:56 [desafio1] info: API started! DEV
16/10/2020 16:23:58 [desafio1] info: API started! DEV
