14/10/2020 13:25:09 [desafio1] info: API started! DEV
14/10/2020 13:25:09 [desafio1] info: GET / grade
14/10/2020 13:25:09 [desafio1] info: PUT /grade/ - {"id":1,"student":"Loiane Groner","subject":"01 - JavaScript","type":"Fórum","value":15,"timestamp":"2020-05-19T18:21:24.958Z"}
14/10/2020 13:25:09 [desafio1] info: GET / grade
14/10/2020 13:25:09 [desafio1] info: POST/grade/totalStudentAndSubject - "total: 41"
14/10/2020 13:32:05 [desafio1] info: API started! DEV
14/10/2020 13:32:38 [desafio1] info: API started! DEV
undefined [desafio1] info: API started! DEV
undefined [desafio1] info: PUT /grade/ - {"id":1,"student":"Loiane Groner","subject":"01 - JavaScript","type":"Fórum","value":15,"timestamp":"2020-05-19T18:21:24.958Z"}
undefined [desafio1] info: GET / grade
14/10/2020 13:33:58 [desafio1] info: API started! DEV
14/10/2020 13:33:58 [desafio1] info: GET / grade
14/10/2020 15:35:36 [desafio1] info: API started! DEV
14/10/2020 15:35:38 [desafio1] info: API started! DEV
14/10/2020 15:35:43 [desafio1] info: API started! DEV
14/10/2020 15:35:47 [desafio1] info: API started! DEV
14/10/2020 15:35:47 [desafio1] info: PUT /grade/ - {"id":1,"student":"Loiane Groner","subject":"01 - JavaScript","type":"Fórum","value":15,"timestamp":"2020-05-19T18:21:24.958Z"}
14/10/2020 15:36:52 [desafio1] info: API started! DEV
14/10/2020 17:24:02 [desafio1] info: API started! DEV
14/10/2020 17:26:56 [desafio1] info: API started! DEV
14/10/2020 17:26:56 [desafio1] info: POST/grade/totalStudentAndSubject - "total: 47"
14/10/2020 17:29:13 [desafio1] info: API started! DEV
14/10/2020 17:29:15 [desafio1] info: API started! DEV
14/10/2020 17:29:15 [desafio1] info: POST/grade/totalStudentAndSubject - "total: 47"
14/10/2020 17:29:40 [desafio1] info: API started! DEV
14/10/2020 17:29:40 [desafio1] info: POST/grade/totalStudentAndSubject - "total: 47"
14/10/2020 17:29:50 [desafio1] info: API started! DEV
14/10/2020 17:29:50 [desafio1] info: POST/grade/totalStudentAndSubject - "total: 47"
14/10/2020 17:30:11 [desafio1] info: API started! DEV
14/10/2020 17:32:56 [desafio1] info: API started! DEV
14/10/2020 17:33:31 [desafio1] info: API started! DEV
14/10/2020 17:33:36 [desafio1] info: API started! DEV
14/10/2020 17:33:44 [desafio1] info: API started! DEV
14/10/2020 17:33:49 [desafio1] info: API started! DEV
14/10/2020 17:33:51 [desafio1] info: API started! DEV
14/10/2020 17:33:55 [desafio1] info: API started! DEV
14/10/2020 17:34:13 [desafio1] info: API started! DEV
14/10/2020 17:34:26 [desafio1] info: API started! DEV
14/10/2020 17:34:28 [desafio1] info: API started! DEV
14/10/2020 17:34:30 [desafio1] info: API started! DEV
14/10/2020 17:34:56 [desafio1] info: API started! DEV
14/10/2020 17:35:01 [desafio1] info: API started! DEV
14/10/2020 17:35:02 [desafio1] info: API started! DEV
14/10/2020 17:35:06 [desafio1] info: API started! DEV
14/10/2020 17:35:09 [desafio1] info: API started! DEV
14/10/2020 17:35:10 [desafio1] info: API started! DEV
14/10/2020 17:35:14 [desafio1] info: API started! DEV
14/10/2020 17:35:15 [desafio1] info: API started! DEV
14/10/2020 17:35:16 [desafio1] info: API started! DEV
14/10/2020 17:35:22 [desafio1] info: API started! DEV
14/10/2020 17:35:25 [desafio1] info: API started! DEV
14/10/2020 17:35:27 [desafio1] info: API started! DEV
14/10/2020 17:35:49 [desafio1] info: API started! DEV
14/10/2020 17:41:55 [desafio1] info: API started! DEV
14/10/2020 17:42:00 [desafio1] info: API started! DEV
14/10/2020 17:42:03 [desafio1] info: API started! DEV
14/10/2020 17:42:11 [desafio1] info: API started! DEV
14/10/2020 17:42:14 [desafio1] info: API started! DEV
14/10/2020 17:42:16 [desafio1] info: API started! DEV
14/10/2020 17:42:19 [desafio1] info: API started! DEV
14/10/2020 17:42:25 [desafio1] info: API started! DEV
14/10/2020 17:42:32 [desafio1] info: API started! DEV
14/10/2020 17:42:35 [desafio1] info: API started! DEV
14/10/2020 17:42:36 [desafio1] info: API started! DEV
14/10/2020 17:42:38 [desafio1] info: API started! DEV
14/10/2020 17:42:43 [desafio1] info: API started! DEV
14/10/2020 17:42:48 [desafio1] info: API started! DEV
14/10/2020 17:43:02 [desafio1] info: API started! DEV
14/10/2020 17:43:04 [desafio1] info: API started! DEV
14/10/2020 17:43:15 [desafio1] info: API started! DEV
14/10/2020 17:43:21 [desafio1] info: API started! DEV
14/10/2020 17:43:23 [desafio1] info: API started! DEV
14/10/2020 17:43:27 [desafio1] info: API started! DEV
14/10/2020 17:43:31 [desafio1] info: API started! DEV
14/10/2020 17:43:35 [desafio1] info: API started! DEV
14/10/2020 17:43:37 [desafio1] info: API started! DEV
14/10/2020 17:43:43 [desafio1] info: API started! DEV
14/10/2020 17:43:47 [desafio1] info: API started! DEV
14/10/2020 17:43:53 [desafio1] info: API started! DEV
14/10/2020 17:43:57 [desafio1] info: API started! DEV
14/10/2020 17:44:05 [desafio1] info: API started! DEV
14/10/2020 17:44:07 [desafio1] info: API started! DEV
14/10/2020 17:44:43 [desafio1] info: API started! DEV
14/10/2020 17:44:51 [desafio1] info: API started! DEV
14/10/2020 17:44:56 [desafio1] info: API started! DEV
14/10/2020 17:44:57 [desafio1] info: API started! DEV
14/10/2020 17:44:59 [desafio1] info: API started! DEV
14/10/2020 17:45:24 [desafio1] info: API started! DEV
14/10/2020 17:45:26 [desafio1] info: API started! DEV
14/10/2020 17:45:38 [desafio1] info: API started! DEV
14/10/2020 17:45:43 [desafio1] info: API started! DEV
14/10/2020 17:45:46 [desafio1] info: API started! DEV
14/10/2020 17:46:06 [desafio1] info: API started! DEV
14/10/2020 17:46:08 [desafio1] info: API started! DEV
14/10/2020 17:46:25 [desafio1] info: API started! DEV
14/10/2020 17:46:43 [desafio1] info: API started! DEV
14/10/2020 17:46:44 [desafio1] info: API started! DEV
14/10/2020 17:46:52 [desafio1] info: API started! DEV
14/10/2020 17:46:53 [desafio1] info: API started! DEV
14/10/2020 17:46:55 [desafio1] info: API started! DEV
14/10/2020 17:47:00 [desafio1] info: API started! DEV
14/10/2020 17:47:05 [desafio1] info: API started! DEV
14/10/2020 17:47:28 [desafio1] info: API started! DEV
14/10/2020 17:47:48 [desafio1] info: API started! DEV
14/10/2020 17:47:49 [desafio1] info: API started! DEV
14/10/2020 17:47:51 [desafio1] info: API started! DEV
14/10/2020 17:57:27 [desafio1] info: API started! DEV
14/10/2020 18:00:28 [desafio1] info: API started! DEV
14/10/2020 18:01:36 [desafio1] info: API started! DEV
14/10/2020 18:05:38 [desafio1] info: API started! DEV
14/10/2020 18:12:03 [desafio1] info: API started! DEV
14/10/2020 18:12:08 [desafio1] info: API started! DEV
14/10/2020 18:12:09 [desafio1] info: API started! DEV
14/10/2020 18:12:15 [desafio1] info: API started! DEV
14/10/2020 18:12:20 [desafio1] info: API started! DEV
14/10/2020 18:12:25 [desafio1] info: API started! DEV
14/10/2020 18:12:30 [desafio1] info: API started! DEV
14/10/2020 18:12:50 [desafio1] info: API started! DEV
14/10/2020 18:12:59 [desafio1] info: API started! DEV
14/10/2020 18:20:12 [desafio1] info: API started! DEV
14/10/2020 18:20:28 [desafio1] info: API started! DEV
14/10/2020 18:20:28 [desafio1] info: GET / grade
14/10/2020 18:24:05 [desafio1] info: API started! DEV
14/10/2020 18:24:09 [desafio1] info: API started! DEV
14/10/2020 18:24:13 [desafio1] info: API started! DEV
14/10/2020 18:25:18 [desafio1] info: API started! DEV
14/10/2020 18:25:20 [desafio1] info: API started! DEV
14/10/2020 18:25:22 [desafio1] info: API started! DEV
14/10/2020 18:26:08 [desafio1] info: API started! DEV
14/10/2020 18:26:36 [desafio1] info: API started! DEV
14/10/2020 18:27:05 [desafio1] info: API started! DEV
14/10/2020 18:27:12 [desafio1] info: API started! DEV
14/10/2020 18:27:16 [desafio1] info: API started! DEV
14/10/2020 18:27:21 [desafio1] info: API started! DEV
14/10/2020 18:27:47 [desafio1] info: API started! DEV
14/10/2020 18:28:34 [desafio1] info: API started! DEV
14/10/2020 18:28:35 [desafio1] info: API started! DEV
14/10/2020 18:28:39 [desafio1] info: API started! DEV
14/10/2020 18:28:50 [desafio1] info: API started! DEV
14/10/2020 18:28:55 [desafio1] info: API started! DEV
14/10/2020 18:29:02 [desafio1] info: API started! DEV
14/10/2020 18:29:16 [desafio1] info: API started! DEV
14/10/2020 18:29:20 [desafio1] info: API started! DEV
14/10/2020 18:29:23 [desafio1] info: API started! DEV
14/10/2020 18:29:23 [desafio1] info: GET  /average/subject - "total: 11.6"
14/10/2020 18:29:47 [desafio1] info: API started! DEV
14/10/2020 18:29:55 [desafio1] info: API started! DEV
14/10/2020 18:29:55 [desafio1] info: GET  /average/subject - "Média: 11.6"
14/10/2020 18:30:10 [desafio1] info: API started! DEV
14/10/2020 18:30:12 [desafio1] info: API started! DEV
14/10/2020 18:30:12 [desafio1] info: GET/average/subject - "Média: 11.6"
14/10/2020 18:30:12 [desafio1] info: GET/average/subject - "Média: NaN"
14/10/2020 18:32:00 [desafio1] info: API started! DEV
14/10/2020 18:32:03 [desafio1] info: API started! DEV
14/10/2020 18:32:04 [desafio1] info: API started! DEV
14/10/2020 18:32:07 [desafio1] info: API started! DEV
14/10/2020 18:32:09 [desafio1] info: API started! DEV
14/10/2020 18:32:22 [desafio1] info: API started! DEV
14/10/2020 18:32:36 [desafio1] info: API started! DEV
14/10/2020 18:32:42 [desafio1] info: API started! DEV
14/10/2020 18:32:42 [desafio1] info: GET/average/subject - "Média: NaN"
14/10/2020 18:33:03 [desafio1] info: API started! DEV
14/10/2020 18:33:10 [desafio1] info: API started! DEV
14/10/2020 18:33:13 [desafio1] info: API started! DEV
14/10/2020 18:33:22 [desafio1] info: API started! DEV
14/10/2020 18:33:25 [desafio1] info: API started! DEV
14/10/2020 18:33:29 [desafio1] info: API started! DEV
14/10/2020 18:33:33 [desafio1] info: API started! DEV
14/10/2020 18:33:54 [desafio1] info: API started! DEV
14/10/2020 18:33:58 [desafio1] info: API started! DEV
14/10/2020 18:33:59 [desafio1] info: API started! DEV
14/10/2020 18:34:23 [desafio1] info: API started! DEV
14/10/2020 18:34:25 [desafio1] info: API started! DEV
14/10/2020 18:34:57 [desafio1] info: API started! DEV
14/10/2020 18:36:11 [desafio1] info: API started! DEV
14/10/2020 18:36:58 [desafio1] info: API started! DEV
14/10/2020 18:40:18 [desafio1] info: API started! DEV
14/10/2020 18:40:18 [desafio1] info: POST/grade/totalStudentAndSubject - Não foram encontrado parâmetros dos registros informados
14/10/2020 18:52:57 [desafio1] info: API started! DEV
14/10/2020 18:52:57 [desafio1] info: POST/grade/totalStudentAndSubject - Não foram encontrados parâmetros dos registros informados
14/10/2020 18:52:57 [desafio1] info: GET/average/subject - "Média: 11.6"
14/10/2020 18:52:57 [desafio1] info: GET/average/subject - "Média: 21"
14/10/2020 18:52:57 [desafio1] info: GET/average/subject - "Média: 11.6"
14/10/2020 18:52:57 [desafio1] info: GET/average/subject - "Média: 21"
14/10/2020 18:55:13 [desafio1] info: API started! DEV
14/10/2020 18:55:16 [desafio1] info: API started! DEV
14/10/2020 18:55:16 [desafio1] info: GET/average/subject - "Média: 21"
14/10/2020 18:59:01 [desafio1] info: API started! DEV
14/10/2020 19:07:39 [desafio1] info: API started! DEV
14/10/2020 19:07:56 [desafio1] info: API started! DEV
14/10/2020 19:07:57 [desafio1] info: API started! DEV
14/10/2020 19:08:00 [desafio1] info: API started! DEV
14/10/2020 19:08:21 [desafio1] info: API started! DEV
14/10/2020 19:08:35 [desafio1] info: API started! DEV
14/10/2020 19:09:00 [desafio1] info: API started! DEV
14/10/2020 19:09:15 [desafio1] info: API started! DEV
14/10/2020 19:09:17 [desafio1] info: API started! DEV
14/10/2020 19:09:19 [desafio1] info: API started! DEV
14/10/2020 19:09:19 [desafio1] info: API started! DEV
14/10/2020 19:09:21 [desafio1] info: API started! DEV
14/10/2020 19:09:24 [desafio1] info: API started! DEV
14/10/2020 19:09:28 [desafio1] info: API started! DEV
14/10/2020 19:09:32 [desafio1] info: API started! DEV
14/10/2020 19:09:52 [desafio1] info: API started! DEV
14/10/2020 19:09:55 [desafio1] info: API started! DEV
14/10/2020 19:10:00 [desafio1] info: API started! DEV
14/10/2020 19:10:02 [desafio1] info: API started! DEV
14/10/2020 19:10:18 [desafio1] info: API started! DEV
14/10/2020 19:10:24 [desafio1] info: API started! DEV
14/10/2020 19:10:28 [desafio1] info: API started! DEV
14/10/2020 19:10:35 [desafio1] info: API started! DEV
14/10/2020 19:10:37 [desafio1] info: API started! DEV
14/10/2020 19:10:42 [desafio1] info: API started! DEV
14/10/2020 19:10:44 [desafio1] info: API started! DEV
14/10/2020 19:10:46 [desafio1] info: API started! DEV
14/10/2020 19:10:48 [desafio1] info: API started! DEV
14/10/2020 19:10:50 [desafio1] info: API started! DEV
14/10/2020 19:10:53 [desafio1] info: API started! DEV
14/10/2020 19:11:05 [desafio1] info: API started! DEV
14/10/2020 19:11:40 [desafio1] info: API started! DEV
14/10/2020 19:11:51 [desafio1] info: API started! DEV
14/10/2020 19:11:54 [desafio1] info: API started! DEV
14/10/2020 19:11:56 [desafio1] info: API started! DEV
14/10/2020 19:12:03 [desafio1] info: API started! DEV
14/10/2020 19:12:21 [desafio1] info: API started! DEV
14/10/2020 19:12:24 [desafio1] info: API started! DEV
14/10/2020 19:12:25 [desafio1] info: API started! DEV
14/10/2020 19:12:27 [desafio1] info: API started! DEV
14/10/2020 19:12:42 [desafio1] info: API started! DEV
14/10/2020 19:12:44 [desafio1] info: API started! DEV
14/10/2020 19:12:47 [desafio1] info: API started! DEV
14/10/2020 19:12:49 [desafio1] info: API started! DEV
14/10/2020 19:12:51 [desafio1] info: API started! DEV
14/10/2020 19:12:53 [desafio1] info: API started! DEV
14/10/2020 19:13:00 [desafio1] info: API started! DEV
14/10/2020 19:13:02 [desafio1] info: API started! DEV
14/10/2020 19:13:07 [desafio1] info: API started! DEV
14/10/2020 19:13:12 [desafio1] info: API started! DEV
14/10/2020 19:13:16 [desafio1] info: API started! DEV
14/10/2020 19:13:36 [desafio1] info: API started! DEV
14/10/2020 19:13:41 [desafio1] info: API started! DEV
14/10/2020 19:14:05 [desafio1] info: API started! DEV
14/10/2020 19:14:09 [desafio1] info: API started! DEV
14/10/2020 19:14:12 [desafio1] info: API started! DEV
14/10/2020 19:14:14 [desafio1] info: API started! DEV
14/10/2020 19:14:18 [desafio1] info: API started! DEV
14/10/2020 19:14:20 [desafio1] info: API started! DEV
14/10/2020 19:14:23 [desafio1] info: API started! DEV
14/10/2020 19:14:25 [desafio1] info: API started! DEV
14/10/2020 19:14:26 [desafio1] info: API started! DEV
14/10/2020 19:14:29 [desafio1] info: API started! DEV
14/10/2020 19:14:30 [desafio1] info: API started! DEV
14/10/2020 19:14:34 [desafio1] info: API started! DEV
14/10/2020 19:14:38 [desafio1] info: API started! DEV
14/10/2020 19:14:39 [desafio1] info: API started! DEV
14/10/2020 19:14:43 [desafio1] info: API started! DEV
14/10/2020 19:14:46 [desafio1] info: API started! DEV
14/10/2020 19:14:49 [desafio1] info: API started! DEV
14/10/2020 19:14:50 [desafio1] info: API started! DEV
14/10/2020 19:14:55 [desafio1] info: API started! DEV
14/10/2020 19:15:00 [desafio1] info: API started! DEV
14/10/2020 19:15:03 [desafio1] info: API started! DEV
14/10/2020 19:15:04 [desafio1] info: API started! DEV
14/10/2020 19:15:09 [desafio1] info: API started! DEV
14/10/2020 19:15:11 [desafio1] info: API started! DEV
14/10/2020 19:15:58 [desafio1] info: API started! DEV
14/10/2020 19:16:02 [desafio1] info: API started! DEV
14/10/2020 19:16:22 [desafio1] info: API started! DEV
14/10/2020 19:16:34 [desafio1] info: API started! DEV
14/10/2020 19:16:36 [desafio1] info: API started! DEV
14/10/2020 19:16:45 [desafio1] info: API started! DEV
14/10/2020 19:16:50 [desafio1] info: API started! DEV
14/10/2020 19:16:52 [desafio1] info: API started! DEV
14/10/2020 19:16:55 [desafio1] info: API started! DEV
14/10/2020 19:16:56 [desafio1] info: API started! DEV
14/10/2020 19:17:00 [desafio1] info: API started! DEV
14/10/2020 19:17:03 [desafio1] info: API started! DEV
14/10/2020 19:17:05 [desafio1] info: API started! DEV
14/10/2020 19:17:06 [desafio1] info: API started! DEV
14/10/2020 19:17:10 [desafio1] info: API started! DEV
14/10/2020 19:17:12 [desafio1] info: API started! DEV
14/10/2020 19:17:13 [desafio1] info: API started! DEV
14/10/2020 19:20:09 [desafio1] info: API started! DEV
14/10/2020 19:20:19 [desafio1] info: API started! DEV
14/10/2020 19:20:28 [desafio1] info: API started! DEV
14/10/2020 19:20:32 [desafio1] info: API started! DEV
14/10/2020 19:20:36 [desafio1] info: API started! DEV
14/10/2020 19:20:38 [desafio1] info: API started! DEV
14/10/2020 19:20:39 [desafio1] info: API started! DEV
14/10/2020 19:20:46 [desafio1] info: API started! DEV
14/10/2020 19:20:55 [desafio1] info: API started! DEV
14/10/2020 19:20:59 [desafio1] info: API started! DEV
14/10/2020 19:21:01 [desafio1] info: API started! DEV
14/10/2020 19:21:05 [desafio1] info: API started! DEV
14/10/2020 19:21:07 [desafio1] info: API started! DEV
14/10/2020 19:21:11 [desafio1] info: API started! DEV
14/10/2020 19:21:14 [desafio1] info: API started! DEV
14/10/2020 19:21:15 [desafio1] info: API started! DEV
14/10/2020 19:21:17 [desafio1] info: API started! DEV
14/10/2020 19:21:40 [desafio1] info: API started! DEV
14/10/2020 19:21:58 [desafio1] info: API started! DEV
14/10/2020 19:22:01 [desafio1] info: API started! DEV
14/10/2020 19:22:03 [desafio1] info: API started! DEV
14/10/2020 19:22:05 [desafio1] info: API started! DEV
14/10/2020 19:22:08 [desafio1] info: API started! DEV
14/10/2020 19:22:09 [desafio1] info: API started! DEV
14/10/2020 19:22:10 [desafio1] info: API started! DEV
14/10/2020 19:22:13 [desafio1] info: API started! DEV
14/10/2020 19:22:14 [desafio1] info: API started! DEV
14/10/2020 19:22:18 [desafio1] info: API started! DEV
14/10/2020 19:22:59 [desafio1] info: API started! DEV
14/10/2020 19:23:03 [desafio1] info: API started! DEV
14/10/2020 19:23:15 [desafio1] info: API started! DEV
14/10/2020 19:23:17 [desafio1] info: API started! DEV
14/10/2020 19:23:22 [desafio1] info: API started! DEV
14/10/2020 19:23:23 [desafio1] info: API started! DEV
14/10/2020 19:23:36 [desafio1] info: API started! DEV
14/10/2020 19:23:39 [desafio1] info: API started! DEV
14/10/2020 19:23:39 [desafio1] info: DELETE /grade/:id - "Fernando Pessoa"
14/10/2020 19:23:39 [desafio1] info: DELETE /grade/:id - "Fernando Pessoa"
14/10/2020 19:27:17 [desafio1] info: API started! DEV
14/10/2020 19:27:20 [desafio1] info: API started! DEV
14/10/2020 19:27:20 [desafio1] info: DELETE /grade/:student - "Fernando Pessoa"
14/10/2020 19:28:25 [desafio1] info: API started! DEV
14/10/2020 19:28:32 [desafio1] info: API started! DEV
14/10/2020 19:28:38 [desafio1] info: API started! DEV
14/10/2020 19:28:47 [desafio1] info: API started! DEV
14/10/2020 19:28:52 [desafio1] info: API started! DEV
14/10/2020 19:28:52 [desafio1] info: DELETE /grade/:id - "1"
14/10/2020 19:28:52 [desafio1] info: DELETE /grade/:id - "1"
14/10/2020 19:28:52 [desafio1] info: DELETE /grade/:id - "51"
14/10/2020 19:28:52 [desafio1] info: DELETE /grade/:id - "50"
14/10/2020 19:28:52 [desafio1] info: POST /grade - {"id":50,"student":"Emerson Pessoa","subject":"01 - JavaScript","type":"Fórum","value":15,"timestamp":"14/10/2020 19:28:52"}
14/10/2020 19:42:45 [desafio1] info: API started! DEV
14/10/2020 19:42:51 [desafio1] info: API started! DEV
14/10/2020 19:42:54 [desafio1] info: API started! DEV
14/10/2020 19:42:54 [desafio1] info: API started! DEV
14/10/2020 19:42:58 [desafio1] info: API started! DEV
14/10/2020 19:43:19 [desafio1] info: API started! DEV
14/10/2020 19:43:22 [desafio1] info: API started! DEV
14/10/2020 19:43:26 [desafio1] info: API started! DEV
14/10/2020 19:43:33 [desafio1] info: API started! DEV
14/10/2020 19:43:35 [desafio1] info: API started! DEV
14/10/2020 19:43:51 [desafio1] info: API started! DEV
14/10/2020 19:44:14 [desafio1] info: API started! DEV
14/10/2020 19:44:23 [desafio1] info: API started! DEV
14/10/2020 19:44:26 [desafio1] info: API started! DEV
14/10/2020 19:44:27 [desafio1] info: API started! DEV
14/10/2020 19:44:36 [desafio1] info: API started! DEV
14/10/2020 19:45:47 [desafio1] info: API started! DEV
14/10/2020 19:45:51 [desafio1] info: API started! DEV
14/10/2020 19:45:52 [desafio1] info: API started! DEV
14/10/2020 19:45:55 [desafio1] info: API started! DEV
14/10/2020 19:45:55 [desafio1] info: API started! DEV
14/10/2020 19:46:01 [desafio1] info: API started! DEV
14/10/2020 19:46:05 [desafio1] info: API started! DEV
14/10/2020 19:46:30 [desafio1] info: API started! DEV
14/10/2020 19:46:38 [desafio1] info: API started! DEV
14/10/2020 19:46:51 [desafio1] info: API started! DEV
14/10/2020 19:47:00 [desafio1] info: API started! DEV
14/10/2020 19:47:06 [desafio1] info: API started! DEV
14/10/2020 19:47:09 [desafio1] info: API started! DEV
14/10/2020 19:47:13 [desafio1] info: API started! DEV
14/10/2020 19:47:16 [desafio1] info: API started! DEV
14/10/2020 19:47:21 [desafio1] info: API started! DEV
14/10/2020 19:47:26 [desafio1] info: API started! DEV
14/10/2020 19:47:28 [desafio1] info: API started! DEV
14/10/2020 19:47:29 [desafio1] info: API started! DEV
14/10/2020 19:47:35 [desafio1] info: API started! DEV
14/10/2020 19:48:06 [desafio1] info: API started! DEV
14/10/2020 19:48:07 [desafio1] info: API started! DEV
14/10/2020 19:48:08 [desafio1] info: API started! DEV
14/10/2020 19:48:13 [desafio1] info: API started! DEV
14/10/2020 19:48:18 [desafio1] info: API started! DEV
14/10/2020 19:48:23 [desafio1] info: API started! DEV
14/10/2020 19:48:32 [desafio1] info: API started! DEV
14/10/2020 19:48:35 [desafio1] info: API started! DEV
14/10/2020 19:48:38 [desafio1] info: API started! DEV
14/10/2020 19:48:54 [desafio1] info: API started! DEV
14/10/2020 19:48:56 [desafio1] info: API started! DEV
14/10/2020 19:49:01 [desafio1] info: API started! DEV
14/10/2020 19:49:06 [desafio1] info: API started! DEV
14/10/2020 19:49:21 [desafio1] info: API started! DEV
14/10/2020 19:49:24 [desafio1] info: API started! DEV
14/10/2020 19:49:27 [desafio1] info: API started! DEV
14/10/2020 19:49:36 [desafio1] info: API started! DEV
14/10/2020 19:49:39 [desafio1] info: API started! DEV
14/10/2020 19:49:45 [desafio1] info: API started! DEV
14/10/2020 19:49:46 [desafio1] info: API started! DEV
14/10/2020 19:49:55 [desafio1] info: API started! DEV
14/10/2020 19:49:59 [desafio1] info: API started! DEV
14/10/2020 19:50:04 [desafio1] info: API started! DEV
14/10/2020 19:51:39 [desafio1] info: API started! DEV
14/10/2020 19:51:43 [desafio1] info: API started! DEV
14/10/2020 19:51:46 [desafio1] info: API started! DEV
14/10/2020 19:51:53 [desafio1] info: API started! DEV
14/10/2020 19:52:05 [desafio1] info: API started! DEV
14/10/2020 19:52:07 [desafio1] info: API started! DEV
14/10/2020 19:52:09 [desafio1] info: API started! DEV
14/10/2020 19:52:10 [desafio1] info: API started! DEV
14/10/2020 19:52:14 [desafio1] info: API started! DEV
14/10/2020 19:52:18 [desafio1] info: API started! DEV
14/10/2020 19:52:22 [desafio1] info: API started! DEV
14/10/2020 19:53:28 [desafio1] info: API started! DEV
14/10/2020 19:53:31 [desafio1] info: API started! DEV
14/10/2020 19:53:33 [desafio1] info: API started! DEV
14/10/2020 19:53:36 [desafio1] info: API started! DEV
14/10/2020 19:53:38 [desafio1] info: API started! DEV
14/10/2020 19:53:43 [desafio1] info: API started! DEV
14/10/2020 19:53:46 [desafio1] info: API started! DEV
14/10/2020 19:53:53 [desafio1] info: API started! DEV
14/10/2020 19:53:55 [desafio1] info: API started! DEV
14/10/2020 19:53:59 [desafio1] info: API started! DEV
14/10/2020 19:54:00 [desafio1] info: API started! DEV
14/10/2020 19:54:04 [desafio1] info: API started! DEV
14/10/2020 19:54:08 [desafio1] info: API started! DEV
14/10/2020 19:54:10 [desafio1] info: API started! DEV
14/10/2020 19:54:13 [desafio1] info: API started! DEV
14/10/2020 19:54:15 [desafio1] info: API started! DEV
14/10/2020 19:54:18 [desafio1] info: API started! DEV
14/10/2020 19:54:23 [desafio1] info: API started! DEV
14/10/2020 19:54:32 [desafio1] info: API started! DEV
14/10/2020 19:54:34 [desafio1] info: API started! DEV
14/10/2020 19:54:39 [desafio1] info: API started! DEV
14/10/2020 19:54:42 [desafio1] info: API started! DEV
14/10/2020 19:55:28 [desafio1] info: API started! DEV
14/10/2020 19:55:30 [desafio1] info: API started! DEV
14/10/2020 19:55:31 [desafio1] info: API started! DEV
14/10/2020 19:55:33 [desafio1] info: API started! DEV
14/10/2020 19:55:34 [desafio1] info: API started! DEV
14/10/2020 19:55:37 [desafio1] info: API started! DEV
14/10/2020 19:55:46 [desafio1] info: API started! DEV
14/10/2020 19:55:49 [desafio1] info: API started! DEV
14/10/2020 19:55:51 [desafio1] info: API started! DEV
14/10/2020 19:55:54 [desafio1] info: API started! DEV
14/10/2020 19:55:55 [desafio1] info: API started! DEV
14/10/2020 19:56:00 [desafio1] info: API started! DEV
14/10/2020 19:58:40 [desafio1] info: API started! DEV
14/10/2020 20:01:25 [desafio1] info: API started! DEV
14/10/2020 20:01:31 [desafio1] info: API started! DEV
14/10/2020 20:01:33 [desafio1] info: API started! DEV
14/10/2020 20:01:37 [desafio1] info: API started! DEV
14/10/2020 20:01:39 [desafio1] info: API started! DEV
14/10/2020 20:01:39 [desafio1] info: POST/bestGrade - grade is not defined
14/10/2020 20:02:20 [desafio1] info: API started! DEV
14/10/2020 20:02:48 [desafio1] info: API started! DEV
14/10/2020 20:02:48 [desafio1] info: POST/bestGrade - Não foram encontrados registros para os parâmetros informados
14/10/2020 20:02:48 [desafio1] info: GET / grade
14/10/2020 20:02:48 [desafio1] info: GET/average/subject - "Média: 16.8"
14/10/2020 20:02:48 [desafio1] info: POST/grade/totalStudentAndSubject - Não foram encontrados parâmetros dos registros informados
14/10/2020 20:02:48 [desafio1] info: POST/grade/totalStudentAndSubject - Não foram encontrados parâmetros dos registros informados
14/10/2020 20:02:48 [desafio1] info: GET/average/subject - "Média: 11.6"
14/10/2020 20:02:48 [desafio1] info: POST/bestGrade - Não foram encontrados registros para os parâmetros informados
14/10/2020 20:06:55 [desafio1] info: API started! DEV
14/10/2020 20:06:55 [desafio1] info: POST/bestGrade - Não foram encontrados registros para os parâmetros informados
14/10/2020 20:07:39 [desafio1] info: API started! DEV
14/10/2020 20:09:02 [desafio1] info: API started! DEV
14/10/2020 20:09:07 [desafio1] info: API started! DEV
14/10/2020 20:09:07 [desafio1] info: POST/bestGrade - a.value.localeCompare is not a function
14/10/2020 20:09:41 [desafio1] info: API started! DEV
14/10/2020 20:09:52 [desafio1] info: API started! DEV
14/10/2020 20:09:56 [desafio1] info: API started! DEV
14/10/2020 20:09:56 [desafio1] info: POST/bestGrade - a.value.localeCompare is not a function
14/10/2020 20:10:22 [desafio1] info: API started! DEV
14/10/2020 20:10:27 [desafio1] info: API started! DEV
14/10/2020 20:10:28 [desafio1] info: API started! DEV
14/10/2020 20:10:31 [desafio1] info: API started! DEV
14/10/2020 20:10:33 [desafio1] info: API started! DEV
14/10/2020 20:10:33 [desafio1] info: POST/bestGrade - a.value.localeCompare is not a function
14/10/2020 20:11:25 [desafio1] info: API started! DEV
14/10/2020 20:11:32 [desafio1] info: API started! DEV
14/10/2020 20:11:34 [desafio1] info: API started! DEV
14/10/2020 20:11:37 [desafio1] info: API started! DEV
14/10/2020 20:11:37 [desafio1] info: POST/bestGrade - a.value.localeCompare is not a function
14/10/2020 20:11:37 [desafio1] info: POST/bestGrade - a.value.localeCompare is not a function
14/10/2020 20:11:37 [desafio1] info: POST/bestGrade - a.value.localeCompare is not a function
14/10/2020 20:11:37 [desafio1] info: POST/bestGrade - a.value.localeCompare is not a function
14/10/2020 20:12:47 [desafio1] info: API started! DEV
14/10/2020 20:12:50 [desafio1] info: API started! DEV
14/10/2020 20:17:07 [desafio1] info: API started! DEV
14/10/2020 20:17:30 [desafio1] info: API started! DEV
14/10/2020 20:17:32 [desafio1] info: API started! DEV
14/10/2020 20:17:43 [desafio1] info: API started! DEV
14/10/2020 20:17:46 [desafio1] info: API started! DEV
14/10/2020 20:17:49 [desafio1] info: API started! DEV
14/10/2020 20:17:50 [desafio1] info: API started! DEV
14/10/2020 20:17:54 [desafio1] info: API started! DEV
14/10/2020 20:17:59 [desafio1] info: API started! DEV
14/10/2020 20:18:02 [desafio1] info: API started! DEV
14/10/2020 20:18:06 [desafio1] info: API started! DEV
14/10/2020 20:18:08 [desafio1] info: API started! DEV
14/10/2020 20:18:12 [desafio1] info: API started! DEV
14/10/2020 20:18:58 [desafio1] info: API started! DEV
14/10/2020 20:19:07 [desafio1] info: API started! DEV
14/10/2020 20:19:11 [desafio1] info: API started! DEV
14/10/2020 20:19:14 [desafio1] info: API started! DEV
14/10/2020 20:19:16 [desafio1] info: API started! DEV
14/10/2020 20:19:17 [desafio1] info: API started! DEV
